[:: Zend Extension Manager :: 20.01.2014 01:41:47 ERROR] [ ZendExtensionManager.cpp : 657 ( sig_handler ) ] ZendExtensionManager got SIG 11 at pid 11097 ! 
[:: Zend Extension Manager :: 20.01.2014 01:41:47 ERROR] [ ZendExtensionManager.cpp : 661 ( sig_handler ) ] Crashing request was http://www.pacetest.dk/index.php 
[:: Zend Extension Manager :: 20.01.2014 01:41:47 ERROR] [ ZendExtensionManager.cpp : 665 ( sig_handler ) ] Crash happened during request execution stage 
[:: Zend Extension Manager :: 20.01.2014 01:41:47 ERROR] [ ZendExtensionManager.cpp : 673 ( sig_handler ) ] The stack trace follows: 
[:: Zend Extension Manager :: 20.01.2014 01:41:47 SYSTEM] Obtained 20 stack frames 
[:: Zend Extension Manager :: 20.01.2014 01:41:47 SYSTEM] /usr/local/zend/lib/ZendExtensionManager.so(_Z11zPrintTraceN6ZDebug8StreamIdE+0x29) [0x7f133801e409] 
[:: Zend Extension Manager :: 20.01.2014 01:41:47 SYSTEM] /usr/local/zend/lib/ZendExtensionManager.so(+0x1dc64) [0x7f133800ac64] 
[:: Zend Extension Manager :: 20.01.2014 01:41:47 SYSTEM] /lib64/libc.so.6(+0x30004329a0) [0x7f133dc699a0] 
[:: Zend Extension Manager :: 20.01.2014 01:41:47 SYSTEM] /usr/local/zend/lib/apache2/libphp5.so(+0x310678) [0x7f133cf76678] 
[:: Zend Extension Manager :: 20.01.2014 01:41:47 SYSTEM] /usr/local/zend/lib/apache2/libphp5.so(zend_hash_destroy+0x5e) [0x7f133cfa136e] 
[:: Zend Extension Manager :: 20.01.2014 01:41:47 SYSTEM] /usr/local/zend/lib/apache2/libphp5.so(_zval_dtor_func+0x5f) [0x7f133cf9432f] 
[:: Zend Extension Manager :: 20.01.2014 01:41:47 SYSTEM] /usr/local/zend/lib/apache2/libphp5.so(_zval_ptr_dtor+0x78) [0x7f133cf87e78] 
[:: Zend Extension Manager :: 20.01.2014 01:41:47 SYSTEM] /usr/local/zend/lib/apache2/libphp5.so(zend_hash_destroy+0x38) [0x7f133cfa1348] 
[:: Zend Extension Manager :: 20.01.2014 01:41:47 SYSTEM] /usr/local/zend/lib/apache2/libphp5.so(zend_object_std_dtor+0x29) [0x7f133cfb2d19] 
[:: Zend Extension Manager :: 20.01.2014 01:41:47 SYSTEM] /usr/local/zend/lib/apache2/libphp5.so(zend_objects_free_object_storage+0x9) [0x7f133cfb2d39] 
[:: Zend Extension Manager :: 20.01.2014 01:41:47 SYSTEM] /usr/local/zend/lib/apache2/libphp5.so(zend_objects_store_free_object_storage+0x86) [0x7f133cfb6db6] 
[:: Zend Extension Manager :: 20.01.2014 01:41:47 SYSTEM] /usr/local/zend/lib/apache2/libphp5.so(+0x322137) [0x7f133cf88137] 
[:: Zend Extension Manager :: 20.01.2014 01:41:47 SYSTEM] /usr/local/zend/lib/apache2/libphp5.so(+0x32e8d2) [0x7f133cf948d2] 
[:: Zend Extension Manager :: 20.01.2014 01:41:47 SYSTEM] /usr/local/zend/lib/apache2/libphp5.so(php_request_shutdown+0x1ae) [0x7f133cf421fe] 
[:: Zend Extension Manager :: 20.01.2014 01:41:47 SYSTEM] /usr/local/zend/lib/apache2/libphp5.so(+0x3b6db1) [0x7f133d01cdb1] 
[:: Zend Extension Manager :: 20.01.2014 01:41:47 SYSTEM] /usr/sbin/httpd(ap_run_handler+0x70) [0x7f133f727f70] 
[:: Zend Extension Manager :: 20.01.2014 01:41:47 SYSTEM] /usr/sbin/httpd(ap_invoke_handler+0xce) [0x7f133f72b80e] 
[:: Zend Extension Manager :: 20.01.2014 01:41:47 SYSTEM] /usr/sbin/httpd(ap_process_request+0x1c0) [0x7f133f736fd0] 
[:: Zend Extension Manager :: 20.01.2014 01:41:47 SYSTEM] /usr/sbin/httpd(+0x37d48) [0x7f133f733d48] 
[:: Zend Extension Manager :: 20.01.2014 01:41:47 SYSTEM] /usr/sbin/httpd(ap_run_process_connection+0x68) [0x7f133f72fa58] 
[:: Zend Extension Manager :: 20.01.2014 01:42:38 ERROR] [ ZendExtensionManager.cpp : 657 ( sig_handler ) ] ZendExtensionManager got SIG 11 at pid 88146 ! 
[:: Zend Extension Manager :: 20.01.2014 01:42:38 ERROR] [ ZendExtensionManager.cpp : 661 ( sig_handler ) ] Crashing request was http://www.pacetest.dk/ 
[:: Zend Extension Manager :: 20.01.2014 01:42:38 ERROR] [ ZendExtensionManager.cpp : 665 ( sig_handler ) ] Crash happened during request execution stage 
[:: Zend Extension Manager :: 20.01.2014 01:42:38 ERROR] [ ZendExtensionManager.cpp : 673 ( sig_handler ) ] The stack trace follows: 
[:: Zend Extension Manager :: 20.01.2014 01:42:38 SYSTEM] Obtained 20 stack frames 
[:: Zend Extension Manager :: 20.01.2014 01:42:38 SYSTEM] /usr/local/zend/lib/ZendExtensionManager.so(_Z11zPrintTraceN6ZDebug8StreamIdE+0x29) [0x7f133801e409] 
[:: Zend Extension Manager :: 20.01.2014 01:42:38 SYSTEM] /usr/local/zend/lib/ZendExtensionManager.so(+0x1dc64) [0x7f133800ac64] 
[:: Zend Extension Manager :: 20.01.2014 01:42:38 SYSTEM] /lib64/libc.so.6(+0x30004329a0) [0x7f133dc699a0] 
[:: Zend Extension Manager :: 20.01.2014 01:42:38 SYSTEM] /usr/local/zend/lib/apache2/libphp5.so(_zval_ptr_dtor+0x1) [0x7f133cf87e01] 
[:: Zend Extension Manager :: 20.01.2014 01:42:38 SYSTEM] /usr/local/zend/lib/apache2/libphp5.so(zend_hash_destroy+0x38) [0x7f133cfa1348] 
[:: Zend Extension Manager :: 20.01.2014 01:42:38 SYSTEM] /usr/local/zend/lib/apache2/libphp5.so(_zval_dtor_func+0x5f) [0x7f133cf9432f] 
[:: Zend Extension Manager :: 20.01.2014 01:42:38 SYSTEM] /usr/local/zend/lib/apache2/libphp5.so(_zval_ptr_dtor+0x78) [0x7f133cf87e78] 
[:: Zend Extension Manager :: 20.01.2014 01:42:38 SYSTEM] /usr/local/zend/lib/apache2/libphp5.so(zend_hash_destroy+0x38) [0x7f133cfa1348] 
[:: Zend Extension Manager :: 20.01.2014 01:42:38 SYSTEM] /usr/local/zend/lib/apache2/libphp5.so(zend_object_std_dtor+0x29) [0x7f133cfb2d19] 
[:: Zend Extension Manager :: 20.01.2014 01:42:38 SYSTEM] /usr/local/zend/lib/apache2/libphp5.so(zend_objects_free_object_storage+0x9) [0x7f133cfb2d39] 
[:: Zend Extension Manager :: 20.01.2014 01:42:38 SYSTEM] /usr/local/zend/lib/apache2/libphp5.so(zend_objects_store_free_object_storage+0x86) [0x7f133cfb6db6] 
[:: Zend Extension Manager :: 20.01.2014 01:42:38 SYSTEM] /usr/local/zend/lib/apache2/libphp5.so(+0x322137) [0x7f133cf88137] 
[:: Zend Extension Manager :: 20.01.2014 01:42:38 SYSTEM] /usr/local/zend/lib/apache2/libphp5.so(+0x32e8d2) [0x7f133cf948d2] 
[:: Zend Extension Manager :: 20.01.2014 01:42:38 SYSTEM] /usr/local/zend/lib/apache2/libphp5.so(php_request_shutdown+0x1ae) [0x7f133cf421fe] 
[:: Zend Extension Manager :: 20.01.2014 01:42:38 SYSTEM] /usr/local/zend/lib/apache2/libphp5.so(+0x3b6db1) [0x7f133d01cdb1] 
[:: Zend Extension Manager :: 20.01.2014 01:42:38 SYSTEM] /usr/sbin/httpd(ap_run_handler+0x70) [0x7f133f727f70] 
[:: Zend Extension Manager :: 20.01.2014 01:42:38 SYSTEM] /usr/sbin/httpd(ap_invoke_handler+0xce) [0x7f133f72b80e] 
[:: Zend Extension Manager :: 20.01.2014 01:42:38 SYSTEM] /usr/sbin/httpd(ap_process_request+0x1c0) [0x7f133f736fd0] 
[:: Zend Extension Manager :: 20.01.2014 01:42:38 SYSTEM] /usr/sbin/httpd(+0x37d48) [0x7f133f733d48] 
[:: Zend Extension Manager :: 20.01.2014 01:42:38 SYSTEM] /usr/sbin/httpd(ap_run_process_connection+0x68) [0x7f133f72fa58] 
[:: Zend Extension Manager :: 20.01.2014 01:44:07 ERROR] [ ZendExtensionManager.cpp : 657 ( sig_handler ) ] ZendExtensionManager got SIG 11 at pid 87622 ! 
[:: Zend Extension Manager :: 20.01.2014 01:44:07 ERROR] [ ZendExtensionManager.cpp : 661 ( sig_handler ) ] Crashing request was http://www.pacetest.dk/index.php 
[:: Zend Extension Manager :: 20.01.2014 01:44:07 ERROR] [ ZendExtensionManager.cpp : 665 ( sig_handler ) ] Crash happened during request execution stage 
[:: Zend Extension Manager :: 20.01.2014 01:44:07 ERROR] [ ZendExtensionManager.cpp : 673 ( sig_handler ) ] The stack trace follows: 
[:: Zend Extension Manager :: 20.01.2014 01:44:07 SYSTEM] Obtained 20 stack frames 
[:: Zend Extension Manager :: 20.01.2014 01:44:07 SYSTEM] /usr/local/zend/lib/ZendExtensionManager.so(_Z11zPrintTraceN6ZDebug8StreamIdE+0x29) [0x7f133801e409] 
[:: Zend Extension Manager :: 20.01.2014 01:44:07 SYSTEM] /usr/local/zend/lib/ZendExtensionManager.so(+0x1dc64) [0x7f133800ac64] 
[:: Zend Extension Manager :: 20.01.2014 01:44:07 SYSTEM] /lib64/libc.so.6(+0x30004329a0) [0x7f133dc699a0] 
[:: Zend Extension Manager :: 20.01.2014 01:44:07 SYSTEM] /usr/local/zend/lib/apache2/libphp5.so(+0x310678) [0x7f133cf76678] 
[:: Zend Extension Manager :: 20.01.2014 01:44:07 SYSTEM] /usr/local/zend/lib/apache2/libphp5.so(zend_hash_destroy+0x5e) [0x7f133cfa136e] 
[:: Zend Extension Manager :: 20.01.2014 01:44:07 SYSTEM] /usr/local/zend/lib/apache2/libphp5.so(_zval_dtor_func+0x5f) [0x7f133cf9432f] 
[:: Zend Extension Manager :: 20.01.2014 01:44:07 SYSTEM] /usr/local/zend/lib/apache2/libphp5.so(_zval_ptr_dtor+0x78) [0x7f133cf87e78] 
[:: Zend Extension Manager :: 20.01.2014 01:44:07 SYSTEM] /usr/local/zend/lib/apache2/libphp5.so(zend_hash_destroy+0x38) [0x7f133cfa1348] 
[:: Zend Extension Manager :: 20.01.2014 01:44:07 SYSTEM] /usr/local/zend/lib/apache2/libphp5.so(zend_object_std_dtor+0x29) [0x7f133cfb2d19] 
[:: Zend Extension Manager :: 20.01.2014 01:44:07 SYSTEM] /usr/local/zend/lib/apache2/libphp5.so(zend_objects_free_object_storage+0x9) [0x7f133cfb2d39] 
[:: Zend Extension Manager :: 20.01.2014 01:44:07 SYSTEM] /usr/local/zend/lib/apache2/libphp5.so(zend_objects_store_free_object_storage+0x86) [0x7f133cfb6db6] 
[:: Zend Extension Manager :: 20.01.2014 01:44:07 SYSTEM] /usr/local/zend/lib/apache2/libphp5.so(+0x322137) [0x7f133cf88137] 
[:: Zend Extension Manager :: 20.01.2014 01:44:07 SYSTEM] /usr/local/zend/lib/apache2/libphp5.so(+0x32e8d2) [0x7f133cf948d2] 
[:: Zend Extension Manager :: 20.01.2014 01:44:07 SYSTEM] /usr/local/zend/lib/apache2/libphp5.so(php_request_shutdown+0x1ae) [0x7f133cf421fe] 
[:: Zend Extension Manager :: 20.01.2014 01:44:07 SYSTEM] /usr/local/zend/lib/apache2/libphp5.so(+0x3b6db1) [0x7f133d01cdb1] 
[:: Zend Extension Manager :: 20.01.2014 01:44:07 SYSTEM] /usr/sbin/httpd(ap_run_handler+0x70) [0x7f133f727f70] 
[:: Zend Extension Manager :: 20.01.2014 01:44:07 SYSTEM] /usr/sbin/httpd(ap_invoke_handler+0xce) [0x7f133f72b80e] 
[:: Zend Extension Manager :: 20.01.2014 01:44:07 SYSTEM] /usr/sbin/httpd(ap_process_request+0x1c0) [0x7f133f736fd0] 
[:: Zend Extension Manager :: 20.01.2014 01:44:07 SYSTEM] /usr/sbin/httpd(+0x37d48) [0x7f133f733d48] 
[:: Zend Extension Manager :: 20.01.2014 01:44:07 SYSTEM] /usr/sbin/httpd(ap_run_process_connection+0x68) [0x7f133f72fa58] 
[:: Zend Extension Manager :: 20.01.2014 01:54:16 ERROR] [ ZendExtensionManager.cpp : 657 ( sig_handler ) ] ZendExtensionManager got SIG 11 at pid 88118 ! 
[:: Zend Extension Manager :: 20.01.2014 01:54:16 ERROR] [ ZendExtensionManager.cpp : 661 ( sig_handler ) ] Crashing request was http://www.pacetest.dk/index.php 
[:: Zend Extension Manager :: 20.01.2014 01:54:16 ERROR] [ ZendExtensionManager.cpp : 665 ( sig_handler ) ] Crash happened during request execution stage 
[:: Zend Extension Manager :: 20.01.2014 01:54:16 ERROR] [ ZendExtensionManager.cpp : 673 ( sig_handler ) ] The stack trace follows: 
[:: Zend Extension Manager :: 20.01.2014 01:54:16 SYSTEM] Obtained 20 stack frames 
[:: Zend Extension Manager :: 20.01.2014 01:54:16 SYSTEM] /usr/local/zend/lib/ZendExtensionManager.so(_Z11zPrintTraceN6ZDebug8StreamIdE+0x29) [0x7f133801e409] 
[:: Zend Extension Manager :: 20.01.2014 01:54:16 SYSTEM] /usr/local/zend/lib/ZendExtensionManager.so(+0x1dc64) [0x7f133800ac64] 
[:: Zend Extension Manager :: 20.01.2014 01:54:16 SYSTEM] /lib64/libc.so.6(+0x30004329a0) [0x7f133dc699a0] 
[:: Zend Extension Manager :: 20.01.2014 01:54:16 SYSTEM] /usr/local/zend/lib/apache2/libphp5.so(+0x310678) [0x7f133cf76678] 
[:: Zend Extension Manager :: 20.01.2014 01:54:16 SYSTEM] /usr/local/zend/lib/apache2/libphp5.so(zend_hash_destroy+0x5e) [0x7f133cfa136e] 
[:: Zend Extension Manager :: 20.01.2014 01:54:16 SYSTEM] /usr/local/zend/lib/apache2/libphp5.so(_zval_dtor_func+0x5f) [0x7f133cf9432f] 
[:: Zend Extension Manager :: 20.01.2014 01:54:16 SYSTEM] /usr/local/zend/lib/apache2/libphp5.so(_zval_ptr_dtor+0x78) [0x7f133cf87e78] 
[:: Zend Extension Manager :: 20.01.2014 01:54:16 SYSTEM] /usr/local/zend/lib/apache2/libphp5.so(zend_hash_destroy+0x38) [0x7f133cfa1348] 
[:: Zend Extension Manager :: 20.01.2014 01:54:16 SYSTEM] /usr/local/zend/lib/apache2/libphp5.so(zend_object_std_dtor+0x29) [0x7f133cfb2d19] 
[:: Zend Extension Manager :: 20.01.2014 01:54:16 SYSTEM] /usr/local/zend/lib/apache2/libphp5.so(zend_objects_free_object_storage+0x9) [0x7f133cfb2d39] 
[:: Zend Extension Manager :: 20.01.2014 01:54:16 SYSTEM] /usr/local/zend/lib/apache2/libphp5.so(zend_objects_store_free_object_storage+0x86) [0x7f133cfb6db6] 
[:: Zend Extension Manager :: 20.01.2014 01:54:16 SYSTEM] /usr/local/zend/lib/apache2/libphp5.so(+0x322137) [0x7f133cf88137] 
[:: Zend Extension Manager :: 20.01.2014 01:54:16 SYSTEM] /usr/local/zend/lib/apache2/libphp5.so(+0x32e8d2) [0x7f133cf948d2] 
[:: Zend Extension Manager :: 20.01.2014 01:54:16 SYSTEM] /usr/local/zend/lib/apache2/libphp5.so(php_request_shutdown+0x1ae) [0x7f133cf421fe] 
[:: Zend Extension Manager :: 20.01.2014 01:54:16 SYSTEM] /usr/local/zend/lib/apache2/libphp5.so(+0x3b6db1) [0x7f133d01cdb1] 
[:: Zend Extension Manager :: 20.01.2014 01:54:16 SYSTEM] /usr/sbin/httpd(ap_run_handler+0x70) [0x7f133f727f70] 
[:: Zend Extension Manager :: 20.01.2014 01:54:16 SYSTEM] /usr/sbin/httpd(ap_invoke_handler+0xce) [0x7f133f72b80e] 
[:: Zend Extension Manager :: 20.01.2014 01:54:16 SYSTEM] /usr/sbin/httpd(ap_process_request+0x1c0) [0x7f133f736fd0] 
[:: Zend Extension Manager :: 20.01.2014 01:54:16 SYSTEM] /usr/sbin/httpd(+0x37d48) [0x7f133f733d48] 
[:: Zend Extension Manager :: 20.01.2014 01:54:16 SYSTEM] /usr/sbin/httpd(ap_run_process_connection+0x68) [0x7f133f72fa58] 
